[debug] [2026-06-19T01:44:53.799Z] ----------------------------------------------------------------------
[debug] [2026-06-19T01:44:53.802Z] Command:       C:\Program Files\nodejs\node.exe C:\Users\skyan\OneDrive\Desktop\fff\monkeytype-replica\node_modules\firebase-tools\lib\bin\firebase.js deploy --only firestore:rules
[debug] [2026-06-19T01:44:53.802Z] CLI Version:   15.20.0
[debug] [2026-06-19T01:44:53.802Z] Platform:      win32
[debug] [2026-06-19T01:44:53.803Z] Node Version:  v22.22.3
[debug] [2026-06-19T01:44:53.803Z] Time:          Fri Jun 19 2026 07:14:53 GMT+0530 (India Standard Time)
[debug] [2026-06-19T01:44:53.803Z] ----------------------------------------------------------------------
[debug] 
[debug] [2026-06-19T01:44:57.176Z] > command requires scopes: ["email","openid","https://www.googleapis.com/auth/cloudplatformprojects.readonly","https://www.googleapis.com/auth/firebase","https://www.googleapis.com/auth/cloud-platform"]
[debug] [2026-06-19T01:44:57.176Z] > authorizing via signed-in user (support.hittools@gmail.com)
[debug] [2026-06-19T01:44:57.177Z] [iam] checking project phoenixtype-dd288 for permissions ["datastore.indexes.create","datastore.indexes.delete","datastore.indexes.list","datastore.indexes.update","firebase.projects.get"]
[debug] [2026-06-19T01:44:57.178Z] Checked if tokens are valid: true, expires at: 1781837066072
[debug] [2026-06-19T01:44:57.178Z] Checked if tokens are valid: true, expires at: 1781837066072
[debug] [2026-06-19T01:44:57.179Z] >>> [apiv2][query] POST https://cloudresourcemanager.googleapis.com/v1/projects/phoenixtype-dd288:testIamPermissions [none]
[debug] [2026-06-19T01:44:57.179Z] >>> [apiv2][(partial)header] POST https://cloudresourcemanager.googleapis.com/v1/projects/phoenixtype-dd288:testIamPermissions  x-goog-user-project=phoenixtype-dd288
[debug] [2026-06-19T01:44:57.179Z] >>> [apiv2][body] POST https://cloudresourcemanager.googleapis.com/v1/projects/phoenixtype-dd288:testIamPermissions {"permissions":["datastore.indexes.create","datastore.indexes.delete","datastore.indexes.list","datastore.indexes.update","firebase.projects.get"]}
[debug] [2026-06-19T01:45:02.639Z] <<< [apiv2][status] POST https://cloudresourcemanager.googleapis.com/v1/projects/phoenixtype-dd288:testIamPermissions 200
[debug] [2026-06-19T01:45:02.639Z] <<< [apiv2][body] POST https://cloudresourcemanager.googleapis.com/v1/projects/phoenixtype-dd288:testIamPermissions {"permissions":["datastore.indexes.create","datastore.indexes.delete","datastore.indexes.list","datastore.indexes.update","firebase.projects.get"]}
[info] 
[info] === Deploying to 'phoenixtype-dd288'...
[info] 
[info] i  deploying firestore 
[info] i  firestore: ensuring required API firestore.googleapis.com is enabled... 
[debug] [2026-06-19T01:45:02.644Z] Checked if tokens are valid: true, expires at: 1781837066072
[debug] [2026-06-19T01:45:02.644Z] Checked if tokens are valid: true, expires at: 1781837066072
[debug] [2026-06-19T01:45:02.644Z] >>> [apiv2][query] GET https://serviceusage.googleapis.com/v1/projects/phoenixtype-dd288/services/firestore.googleapis.com [none]
[debug] [2026-06-19T01:45:02.644Z] >>> [apiv2][(partial)header] GET https://serviceusage.googleapis.com/v1/projects/phoenixtype-dd288/services/firestore.googleapis.com  x-goog-user-project=phoenixtype-dd288
[debug] [2026-06-19T01:45:08.266Z] <<< [apiv2][status] GET https://serviceusage.googleapis.com/v1/projects/phoenixtype-dd288/services/firestore.googleapis.com 200
[debug] [2026-06-19T01:45:08.266Z] <<< [apiv2][body] GET https://serviceusage.googleapis.com/v1/projects/phoenixtype-dd288/services/firestore.googleapis.com [omitted]
[info] +  firestore: required API firestore.googleapis.com is enabled 
[info] i  firestore: ensuring required API firestore.googleapis.com is enabled... 
[debug] [2026-06-19T01:45:08.280Z] Checked if tokens are valid: true, expires at: 1781837066072
[debug] [2026-06-19T01:45:08.280Z] Checked if tokens are valid: true, expires at: 1781837066072
[debug] [2026-06-19T01:45:08.280Z] >>> [apiv2][query] GET https://firestore.googleapis.com/v1/projects/phoenixtype-dd288/databases/(default) [none]
[debug] [2026-06-19T01:45:10.346Z] <<< [apiv2][status] GET https://firestore.googleapis.com/v1/projects/phoenixtype-dd288/databases/(default) 200
[debug] [2026-06-19T01:45:10.346Z] <<< [apiv2][body] GET https://firestore.googleapis.com/v1/projects/phoenixtype-dd288/databases/(default) {"name":"projects/phoenixtype-dd288/databases/(default)","uid":"aa53f26b-2b4a-46a7-96b8-861b4cfe2fbe","createTime":"2026-06-17T01:09:06.566429Z","updateTime":"2026-06-17T01:09:06.566429Z","locationId":"nam5","type":"FIRESTORE_NATIVE","concurrencyMode":"PESSIMISTIC","versionRetentionPeriod":"3600s","earliestVersionTime":"2026-06-19T00:45:09.325497Z","appEngineIntegrationMode":"DISABLED","keyPrefix":"s","pointInTimeRecoveryEnablement":"POINT_IN_TIME_RECOVERY_DISABLED","deleteProtectionState":"DELETE_PROTECTION_DISABLED","databaseEdition":"STANDARD","freeTier":true,"realtimeUpdatesMode":"REALTIME_UPDATES_MODE_ENABLED","etag":"IKSQ/YqXkpUDMJvexqGNjZUD"}
[info] i  firestore: reading indexes from firestore.indexes.json... 
[info] i  cloud.firestore: checking firestore.rules for compilation errors... 
[debug] [2026-06-19T01:45:10.355Z] Checked if tokens are valid: true, expires at: 1781837066072
[debug] [2026-06-19T01:45:10.356Z] Checked if tokens are valid: true, expires at: 1781837066072
[debug] [2026-06-19T01:45:10.356Z] >>> [apiv2][query] POST https://firebaserules.googleapis.com/v1/projects/phoenixtype-dd288:test [none]
[debug] [2026-06-19T01:45:10.356Z] >>> [apiv2][body] POST https://firebaserules.googleapis.com/v1/projects/phoenixtype-dd288:test [omitted]
[debug] [2026-06-19T01:45:16.403Z] <<< [apiv2][status] POST https://firebaserules.googleapis.com/v1/projects/phoenixtype-dd288:test 200
[debug] [2026-06-19T01:45:16.403Z] <<< [apiv2][body] POST https://firebaserules.googleapis.com/v1/projects/phoenixtype-dd288:test {}
[info] +  cloud.firestore: rules file firestore.rules compiled successfully 
[debug] [2026-06-19T01:45:16.409Z] Checked if tokens are valid: true, expires at: 1781837066072
[debug] [2026-06-19T01:45:16.410Z] Checked if tokens are valid: true, expires at: 1781837066072
[debug] [2026-06-19T01:45:16.411Z] >>> [apiv2][query] GET https://firebaserules.googleapis.com/v1/projects/phoenixtype-dd288/releases pageSize=10&pageToken=
[debug] [2026-06-19T01:45:17.870Z] <<< [apiv2][status] GET https://firebaserules.googleapis.com/v1/projects/phoenixtype-dd288/releases 200
[debug] [2026-06-19T01:45:17.870Z] <<< [apiv2][body] GET https://firebaserules.googleapis.com/v1/projects/phoenixtype-dd288/releases {"releases":[{"name":"projects/phoenixtype-dd288/releases/cloud.firestore","rulesetName":"projects/phoenixtype-dd288/rulesets/057d0774-2d94-4b5d-b7d0-5cfa2a59796d","createTime":"2026-06-17T01:09:11.979697Z","updateTime":"2026-06-17T01:09:11.979697Z"}]}
[debug] [2026-06-19T01:45:17.871Z] Checked if tokens are valid: true, expires at: 1781837066072
[debug] [2026-06-19T01:45:17.872Z] Checked if tokens are valid: true, expires at: 1781837066072
[debug] [2026-06-19T01:45:17.872Z] >>> [apiv2][query] GET https://firebaserules.googleapis.com/v1/projects/phoenixtype-dd288/rulesets/057d0774-2d94-4b5d-b7d0-5cfa2a59796d [none]
[debug] [2026-06-19T01:45:19.228Z] <<< [apiv2][status] GET https://firebaserules.googleapis.com/v1/projects/phoenixtype-dd288/rulesets/057d0774-2d94-4b5d-b7d0-5cfa2a59796d 200
[debug] [2026-06-19T01:45:19.228Z] <<< [apiv2][body] GET https://firebaserules.googleapis.com/v1/projects/phoenixtype-dd288/rulesets/057d0774-2d94-4b5d-b7d0-5cfa2a59796d [omitted]
[info] i  firestore: uploading rules firestore.rules... 
[debug] [2026-06-19T01:45:19.232Z] Checked if tokens are valid: true, expires at: 1781837066072
[debug] [2026-06-19T01:45:19.232Z] Checked if tokens are valid: true, expires at: 1781837066072
[debug] [2026-06-19T01:45:19.232Z] >>> [apiv2][query] POST https://firebaserules.googleapis.com/v1/projects/phoenixtype-dd288/rulesets [none]
[debug] [2026-06-19T01:45:19.232Z] >>> [apiv2][body] POST https://firebaserules.googleapis.com/v1/projects/phoenixtype-dd288/rulesets [omitted]
[debug] [2026-06-19T01:45:20.856Z] <<< [apiv2][status] POST https://firebaserules.googleapis.com/v1/projects/phoenixtype-dd288/rulesets 200
[debug] [2026-06-19T01:45:20.856Z] <<< [apiv2][body] POST https://firebaserules.googleapis.com/v1/projects/phoenixtype-dd288/rulesets {"name":"projects/phoenixtype-dd288/rulesets/baccd0a1-28d6-47dd-b361-989bf7e90bf4","source":{"files":[{"content":"rules_version = '2';\nservice cloud.firestore {\n  match /databases/{database}/documents {\n    match /users/{uid} {\n      allow read: if true;\n      allow create: if request.auth.uid == uid;\n      allow update, delete: if request.auth.uid == uid;\n    }\n    match /friendRequests/{docId} {\n      allow read: if request.auth != null &&\n        (request.auth.uid == resource.data.from || request.auth.uid == resource.data.to);\n      allow create: if request.auth != null &&\n        request.auth.uid == request.resource.data.from;\n      allow update, delete: if request.auth != null &&\n        (request.auth.uid == resource.data.from || request.auth.uid == resource.data.to);\n    }\n    match /chats/{chatId} {\n      allow read, update: if request.auth != null &&\n        request.auth.uid in resource.data.participants;\n      allow create: if request.auth != null &&\n        request.auth.uid in request.resource.data.participants;\n      allow delete: if false;\n      match /messages/{messageId} {\n        allow read: if request.auth != null &&\n          request.auth.uid in get(/databases/$(database)/documents/chats/$(chatId)).data.participants;\n        allow create: if request.auth != null &&\n          request.auth.uid == request.resource.data.from &&\n          request.auth.uid in get(/databases/$(database)/documents/chats/$(chatId)).data.participants;\n        allow update, delete: if false;\n      }\n    }\n  }\n}\n","name":"firestore.rules"}]},"createTime":"2026-06-19T01:45:19.749535Z","metadata":{"services":["cloud.firestore"]}}
[debug] [2026-06-19T01:45:20.857Z] [rules] created ruleset projects/phoenixtype-dd288/rulesets/baccd0a1-28d6-47dd-b361-989bf7e90bf4
[debug] [2026-06-19T01:45:20.857Z] [rules] releasing cloud.firestore with ruleset projects/phoenixtype-dd288/rulesets/baccd0a1-28d6-47dd-b361-989bf7e90bf4
[debug] [2026-06-19T01:45:20.858Z] Checked if tokens are valid: true, expires at: 1781837066072
[debug] [2026-06-19T01:45:20.858Z] Checked if tokens are valid: true, expires at: 1781837066072
[debug] [2026-06-19T01:45:20.858Z] >>> [apiv2][query] PATCH https://firebaserules.googleapis.com/v1/projects/phoenixtype-dd288/releases/cloud.firestore [none]
[debug] [2026-06-19T01:45:20.858Z] >>> [apiv2][body] PATCH https://firebaserules.googleapis.com/v1/projects/phoenixtype-dd288/releases/cloud.firestore {"release":{"name":"projects/phoenixtype-dd288/releases/cloud.firestore","rulesetName":"projects/phoenixtype-dd288/rulesets/baccd0a1-28d6-47dd-b361-989bf7e90bf4"}}
[debug] [2026-06-19T01:45:22.394Z] <<< [apiv2][status] PATCH https://firebaserules.googleapis.com/v1/projects/phoenixtype-dd288/releases/cloud.firestore 200
[debug] [2026-06-19T01:45:22.395Z] <<< [apiv2][body] PATCH https://firebaserules.googleapis.com/v1/projects/phoenixtype-dd288/releases/cloud.firestore {"name":"projects/phoenixtype-dd288/releases/cloud.firestore","rulesetName":"projects/phoenixtype-dd288/rulesets/baccd0a1-28d6-47dd-b361-989bf7e90bf4","createTime":"2026-06-17T01:09:11.979697Z","updateTime":"2026-06-19T01:45:21.363575Z"}
[debug] [2026-06-19T01:45:22.395Z] [rules] updated release projects/phoenixtype-dd288/releases/cloud.firestore
[info] +  firestore: released rules firestore.rules to cloud.firestore 
[info] 
[info] +  Deploy complete! 
[info] 
[info] Project Console: https://console.firebase.google.com/project/phoenixtype-dd288/overview
[debug] [2026-06-19T01:45:32.443Z] Error: Timed out.
    at Timeout._onTimeout (C:\Users\skyan\OneDrive\Desktop\fff\monkeytype-replica\node_modules\.pnpm\firebase-tools@15.20.0_@types+node@25.9.3\node_modules\firebase-tools\lib\utils.js:310:49)
    at listOnTimeout (node:internal/timers:585:17)
    at process.processTimers (node:internal/timers:521:7)
[error] 
[error] Error: An unexpected error has occurred.
